INFO: Analyzing SystemVerilog file "C:/Users/David/Desktop/Radiometro/SDC_CLL/SDC_CLL.srcs/sources_1/imports/new/AD_driver.sv" into library work (VERI-1482)
INFO: analyzing module AD_driver (VERI-9002)
INFO: Analyzing SystemVerilog file "C:/Users/David/Desktop/Radiometro/SDC_CLL/SDC_CLL.srcs/sources_1/imports/Radiometro/UART/UART.srcs/sources_1/new/divisor_f.sv" into library work (VERI-1482)
INFO: analyzing module divisor_f (VERI-9002)
INFO: Analyzing Verilog file "C:/Users/David/Desktop/Radiometro/SDC_CLL/SDC_CLL.srcs/sources_1/new/AD1_driver_v.v" into library work (VERI-1482)
INFO: analyzing module AD1_driver_v (VERI-9002)
INFO: Analyzing SystemVerilog file "C:/Users/David/Desktop/Radiometro/SDC_CLL/SDC_CLL.srcs/sources_1/imports/Radiometro/UART/UART.srcs/sources_1/new/uart_tx.sv" into library work (VERI-1482)
INFO: analyzing module uart_tx (VERI-9002)
INFO: Analyzing SystemVerilog file "C:/Users/David/Desktop/Radiometro/SDC_CLL/SDC_CLL.srcs/sources_1/imports/Radiometro/UART/UART.srcs/sources_1/new/uart_rx.sv" into library work (VERI-1482)
INFO: analyzing module uart_rx (VERI-9002)
INFO: Analyzing SystemVerilog file "C:/Users/David/Desktop/Radiometro/SDC_CLL/SDC_CLL.srcs/sources_1/imports/Radiometro/UART/UART.srcs/sources_1/new/div_f_en.sv" into library work (VERI-1482)
INFO: analyzing module div_f_en (VERI-9002)
INFO: Analyzing Verilog file "C:/Users/David/Desktop/Radiometro/SDC_CLL/SDC_CLL.srcs/sources_1/imports/new/div_frecuencias.vh" into library work (VERI-1482)
INFO: Analyzing SystemVerilog file "C:/Users/David/Desktop/Radiometro/SDC_CLL/SDC_CLL.srcs/sources_1/imports/Radiometro/PWM/PWM.srcs/sources_1/new/var_duty_clk.sv" into library work (VERI-1482)
INFO: analyzing module PWM_sv (VERI-9002)
C:/Users/David/Desktop/Radiometro/SDC_CLL/SDC_CLL.srcs/sources_1/imports/Radiometro/PWM/PWM.srcs/sources_1/new/var_duty_clk.sv(51): WARNING: identifier start is used before its declaration (VERI-1875)
C:/Users/David/Desktop/Radiometro/SDC_CLL/SDC_CLL.srcs/sources_1/imports/Radiometro/PWM/PWM.srcs/sources_1/new/var_duty_clk.sv(57): WARNING: identifier start is used before its declaration (VERI-1875)
INFO: Analyzing Verilog file "C:/Users/David/Desktop/Radiometro/SDC_CLL/SDC_CLL.srcs/sources_1/imports/Radiometro/PWM/PWM.srcs/sources_1/new/PWM.v" into library work (VERI-1482)
C:/Users/David/Desktop/Radiometro/SDC_CLL/SDC_CLL.srcs/sources_1/imports/Radiometro/PWM/PWM.srcs/sources_1/new/PWM.v(3): INFO: Compiling verilog file "C:/Users/David/Desktop/Radiometro/SDC_CLL/SDC_CLL.srcs/sources_1/imports/new/div_frecuencias.vh" included at line 3. (VERI-9003)
INFO: analyzing module PWM (VERI-9002)
INFO: Analyzing Verilog file "C:/Users/David/Desktop/Radiometro/SDC_CLL/SDC_CLL.srcs/sources_1/imports/Radiometro/UART/UART.srcs/sources_1/imports/src/qtwosComp.v" into library work (VERI-1482)
INFO: analyzing module qtwosComp (VERI-9002)
C:/Users/David/Desktop/Radiometro/SDC_CLL/SDC_CLL.srcs/sources_1/imports/Radiometro/UART/UART.srcs/sources_1/imports/src/qtwosComp.v(22): WARNING: identifier N is used before its declaration (VERI-1875)
C:/Users/David/Desktop/Radiometro/SDC_CLL/SDC_CLL.srcs/sources_1/imports/Radiometro/UART/UART.srcs/sources_1/imports/src/qtwosComp.v(23): WARNING: identifier N is used before its declaration (VERI-1875)
C:/Users/David/Desktop/Radiometro/SDC_CLL/SDC_CLL.srcs/sources_1/imports/Radiometro/UART/UART.srcs/sources_1/imports/src/qtwosComp.v(25): WARNING: identifier N is used before its declaration (VERI-1875)
C:/Users/David/Desktop/Radiometro/SDC_CLL/SDC_CLL.srcs/sources_1/imports/Radiometro/UART/UART.srcs/sources_1/imports/src/qtwosComp.v(26): WARNING: identifier N is used before its declaration (VERI-1875)
C:/Users/David/Desktop/Radiometro/SDC_CLL/SDC_CLL.srcs/sources_1/imports/Radiometro/UART/UART.srcs/sources_1/imports/src/qtwosComp.v(27): WARNING: identifier N is used before its declaration (VERI-1875)
INFO: Analyzing Verilog file "C:/Users/David/Desktop/Radiometro/SDC_CLL/SDC_CLL.srcs/sources_1/imports/Radiometro/UART/UART.srcs/sources_1/imports/src/qdiv.v" into library work (VERI-1482)
INFO: analyzing module qdiv (VERI-9002)
C:/Users/David/Desktop/Radiometro/SDC_CLL/SDC_CLL.srcs/sources_1/imports/Radiometro/UART/UART.srcs/sources_1/imports/src/qdiv.v(23): WARNING: identifier N is used before its declaration (VERI-1875)
C:/Users/David/Desktop/Radiometro/SDC_CLL/SDC_CLL.srcs/sources_1/imports/Radiometro/UART/UART.srcs/sources_1/imports/src/qdiv.v(24): WARNING: identifier N is used before its declaration (VERI-1875)
C:/Users/David/Desktop/Radiometro/SDC_CLL/SDC_CLL.srcs/sources_1/imports/Radiometro/UART/UART.srcs/sources_1/imports/src/qdiv.v(27): WARNING: identifier N is used before its declaration (VERI-1875)
INFO: Analyzing Verilog file "C:/Users/David/Desktop/Radiometro/SDC_CLL/SDC_CLL.srcs/sources_1/imports/Radiometro/UART/UART.srcs/sources_1/imports/src/qmult.v" into library work (VERI-1482)
INFO: analyzing module qmult (VERI-9002)
C:/Users/David/Desktop/Radiometro/SDC_CLL/SDC_CLL.srcs/sources_1/imports/Radiometro/UART/UART.srcs/sources_1/imports/src/qmult.v(64): WARNING: extra semicolon is not allowed here in this dialect. Use SystemVerilog mode (VERI-2050)
C:/Users/David/Desktop/Radiometro/SDC_CLL/SDC_CLL.srcs/sources_1/imports/Radiometro/UART/UART.srcs/sources_1/imports/src/qmult.v(22): WARNING: identifier N is used before its declaration (VERI-1875)
C:/Users/David/Desktop/Radiometro/SDC_CLL/SDC_CLL.srcs/sources_1/imports/Radiometro/UART/UART.srcs/sources_1/imports/src/qmult.v(23): WARNING: identifier N is used before its declaration (VERI-1875)
C:/Users/David/Desktop/Radiometro/SDC_CLL/SDC_CLL.srcs/sources_1/imports/Radiometro/UART/UART.srcs/sources_1/imports/src/qmult.v(24): WARNING: identifier N is used before its declaration (VERI-1875)
C:/Users/David/Desktop/Radiometro/SDC_CLL/SDC_CLL.srcs/sources_1/imports/Radiometro/UART/UART.srcs/sources_1/imports/src/qmult.v(27): WARNING: identifier N is used before its declaration (VERI-1875)
C:/Users/David/Desktop/Radiometro/SDC_CLL/SDC_CLL.srcs/sources_1/imports/Radiometro/UART/UART.srcs/sources_1/imports/src/qmult.v(28): WARNING: identifier N is used before its declaration (VERI-1875)
C:/Users/David/Desktop/Radiometro/SDC_CLL/SDC_CLL.srcs/sources_1/imports/Radiometro/UART/UART.srcs/sources_1/imports/src/qmult.v(29): WARNING: identifier N is used before its declaration (VERI-1875)
C:/Users/David/Desktop/Radiometro/SDC_CLL/SDC_CLL.srcs/sources_1/imports/Radiometro/UART/UART.srcs/sources_1/imports/src/qmult.v(31): WARNING: identifier N is used before its declaration (VERI-1875)
C:/Users/David/Desktop/Radiometro/SDC_CLL/SDC_CLL.srcs/sources_1/imports/Radiometro/UART/UART.srcs/sources_1/imports/src/qmult.v(32): WARNING: identifier N is used before its declaration (VERI-1875)
C:/Users/David/Desktop/Radiometro/SDC_CLL/SDC_CLL.srcs/sources_1/imports/Radiometro/UART/UART.srcs/sources_1/imports/src/qmult.v(33): WARNING: identifier N is used before its declaration (VERI-1875)
C:/Users/David/Desktop/Radiometro/SDC_CLL/SDC_CLL.srcs/sources_1/imports/Radiometro/UART/UART.srcs/sources_1/imports/src/qmult.v(34): WARNING: identifier N is used before its declaration (VERI-1875)
INFO: Analyzing Verilog file "C:/Users/David/Desktop/Radiometro/SDC_CLL/SDC_CLL.srcs/sources_1/imports/Radiometro/UART/UART.srcs/sources_1/imports/src/qadd.v" into library work (VERI-1482)
INFO: analyzing module qadd (VERI-9002)
C:/Users/David/Desktop/Radiometro/SDC_CLL/SDC_CLL.srcs/sources_1/imports/Radiometro/UART/UART.srcs/sources_1/imports/src/qadd.v(22): WARNING: identifier N is used before its declaration (VERI-1875)
C:/Users/David/Desktop/Radiometro/SDC_CLL/SDC_CLL.srcs/sources_1/imports/Radiometro/UART/UART.srcs/sources_1/imports/src/qadd.v(23): WARNING: identifier N is used before its declaration (VERI-1875)
C:/Users/David/Desktop/Radiometro/SDC_CLL/SDC_CLL.srcs/sources_1/imports/Radiometro/UART/UART.srcs/sources_1/imports/src/qadd.v(24): WARNING: identifier N is used before its declaration (VERI-1875)
INFO: Analyzing SystemVerilog file "C:/Users/David/Desktop/Radiometro/SDC_CLL/SDC_CLL.srcs/sources_1/new/negar.sv" into library work (VERI-1482)
INFO: analyzing module negar (VERI-9002)
C:/Users/David/Desktop/Radiometro/SDC_CLL/SDC_CLL.srcs/sources_1/new/negar.sv(29): WARNING: identifier N is used before its declaration (VERI-1875)
C:/Users/David/Desktop/Radiometro/SDC_CLL/SDC_CLL.srcs/sources_1/new/negar.sv(32): WARNING: identifier N is used before its declaration (VERI-1875)
INFO: Analyzing Verilog file "C:/Users/David/Desktop/Radiometro/SDC_CLL/SDC_CLL.srcs/sources_1/new/div_v.v" into library work (VERI-1482)
INFO: analyzing module div_v (VERI-9002)
C:/Users/David/Desktop/Radiometro/SDC_CLL/SDC_CLL.srcs/sources_1/new/div_v.v(11): WARNING: identifier N is used before its declaration (VERI-1875)
C:/Users/David/Desktop/Radiometro/SDC_CLL/SDC_CLL.srcs/sources_1/new/div_v.v(12): WARNING: identifier N is used before its declaration (VERI-1875)
C:/Users/David/Desktop/Radiometro/SDC_CLL/SDC_CLL.srcs/sources_1/new/div_v.v(16): WARNING: identifier N is used before its declaration (VERI-1875)
INFO: Analyzing SystemVerilog file "C:/Users/David/Desktop/Radiometro/SDC_CLL/SDC_CLL.srcs/sources_1/new/modo_flc.sv" into library work (VERI-1482)
INFO: analyzing module modo_flc (VERI-9002)
C:/Users/David/Desktop/Radiometro/SDC_CLL/SDC_CLL.srcs/sources_1/new/modo_flc.sv(16): WARNING: identifier N is used before its declaration (VERI-1875)
C:/Users/David/Desktop/Radiometro/SDC_CLL/SDC_CLL.srcs/sources_1/new/modo_flc.sv(17): WARNING: identifier N is used before its declaration (VERI-1875)
C:/Users/David/Desktop/Radiometro/SDC_CLL/SDC_CLL.srcs/sources_1/new/modo_flc.sv(18): WARNING: identifier N is used before its declaration (VERI-1875)
C:/Users/David/Desktop/Radiometro/SDC_CLL/SDC_CLL.srcs/sources_1/new/modo_flc.sv(20): WARNING: identifier N is used before its declaration (VERI-1875)
C:/Users/David/Desktop/Radiometro/SDC_CLL/SDC_CLL.srcs/sources_1/new/modo_flc.sv(21): WARNING: identifier N is used before its declaration (VERI-1875)
C:/Users/David/Desktop/Radiometro/SDC_CLL/SDC_CLL.srcs/sources_1/new/modo_flc.sv(22): WARNING: identifier N is used before its declaration (VERI-1875)
C:/Users/David/Desktop/Radiometro/SDC_CLL/SDC_CLL.srcs/sources_1/new/modo_flc.sv(25): WARNING: identifier N is used before its declaration (VERI-1875)
INFO: Analyzing SystemVerilog file "C:/Users/David/Desktop/Radiometro/SDC_CLL/SDC_CLL.srcs/sources_1/new/modo_pid.sv" into library work (VERI-1482)
C:/Users/David/Desktop/Radiometro/SDC_CLL/SDC_CLL.srcs/sources_1/new/modo_pid.sv(3): INFO: Compiling verilog file "C:/Users/David/Desktop/Radiometro/SDC_CLL/SDC_CLL.srcs/sources_1/imports/new/div_frecuencias.vh" included at line 3. (VERI-9003)
INFO: analyzing module modo_pid (VERI-9002)
C:/Users/David/Desktop/Radiometro/SDC_CLL/SDC_CLL.srcs/sources_1/new/modo_pid.sv(21): WARNING: identifier N is used before its declaration (VERI-1875)
C:/Users/David/Desktop/Radiometro/SDC_CLL/SDC_CLL.srcs/sources_1/new/modo_pid.sv(22): WARNING: identifier N is used before its declaration (VERI-1875)
C:/Users/David/Desktop/Radiometro/SDC_CLL/SDC_CLL.srcs/sources_1/new/modo_pid.sv(23): WARNING: identifier N is used before its declaration (VERI-1875)
C:/Users/David/Desktop/Radiometro/SDC_CLL/SDC_CLL.srcs/sources_1/new/modo_pid.sv(24): WARNING: identifier N is used before its declaration (VERI-1875)
C:/Users/David/Desktop/Radiometro/SDC_CLL/SDC_CLL.srcs/sources_1/new/modo_pid.sv(26): WARNING: identifier N is used before its declaration (VERI-1875)
C:/Users/David/Desktop/Radiometro/SDC_CLL/SDC_CLL.srcs/sources_1/new/modo_pid.sv(27): WARNING: identifier N is used before its declaration (VERI-1875)
C:/Users/David/Desktop/Radiometro/SDC_CLL/SDC_CLL.srcs/sources_1/new/modo_pid.sv(28): WARNING: identifier N is used before its declaration (VERI-1875)
C:/Users/David/Desktop/Radiometro/SDC_CLL/SDC_CLL.srcs/sources_1/new/modo_pid.sv(31): WARNING: identifier N is used before its declaration (VERI-1875)
INFO: Analyzing SystemVerilog file "C:/Users/David/Desktop/Radiometro/SDC_CLL/SDC_CLL.srcs/sources_1/new/modo_manual.sv" into library work (VERI-1482)
INFO: analyzing module control_value (VERI-9002)
C:/Users/David/Desktop/Radiometro/SDC_CLL/SDC_CLL.srcs/sources_1/new/modo_manual.sv(11): WARNING: identifier N is used before its declaration (VERI-1875)
C:/Users/David/Desktop/Radiometro/SDC_CLL/SDC_CLL.srcs/sources_1/new/modo_manual.sv(14): WARNING: identifier L is used before its declaration (VERI-1875)
INFO: Analyzing Verilog file "C:/Users/David/Desktop/Radiometro/SDC_CLL/SDC_CLL.srcs/sources_1/imports/Radiometro/UART/UART.srcs/sources_1/new/process_v.v" into library work (VERI-1482)
C:/Users/David/Desktop/Radiometro/SDC_CLL/SDC_CLL.srcs/sources_1/imports/Radiometro/UART/UART.srcs/sources_1/new/process_v.v(2): INFO: Compiling verilog file "C:/Users/David/Desktop/Radiometro/SDC_CLL/SDC_CLL.srcs/sources_1/imports/new/div_frecuencias.vh" included at line 2. (VERI-9003)
INFO: analyzing module process_v (VERI-9002)
C:/Users/David/Desktop/Radiometro/SDC_CLL/SDC_CLL.srcs/sources_1/imports/Radiometro/UART/UART.srcs/sources_1/new/process_v.v(28): WARNING: identifier N is used before its declaration (VERI-1875)
INFO: Analyzing Verilog file "C:/Users/David/Desktop/Radiometro/SDC_CLL/SDC_CLL.srcs/sources_1/new/bits2temp.v" into library work (VERI-1482)
INFO: analyzing module bits2temp (VERI-9002)
C:/Users/David/Desktop/Radiometro/SDC_CLL/SDC_CLL.srcs/sources_1/new/bits2temp.v(14): WARNING: identifier N is used before its declaration (VERI-1875)
INFO: Analyzing Verilog file "C:/Users/David/Desktop/Radiometro/SDC_CLL/SDC_CLL.srcs/sources_1/bd/SDC_CLL/hdl/SDC_CLL_wrapper.v" into library work (VERI-1482)
INFO: analyzing module SDC_CLL_wrapper (VERI-9002)
INFO: Analyzing SystemVerilog file "C:/Users/David/Desktop/Radiometro/SDC_CLL/SDC_CLL.srcs/sources_1/imports/Radiometro/UART/UART.srcs/sources_1/new/process.sv" into library work (VERI-1482)
C:/Users/David/Desktop/Radiometro/SDC_CLL/SDC_CLL.srcs/sources_1/imports/Radiometro/UART/UART.srcs/sources_1/new/process.sv(3): INFO: Compiling verilog file "C:/Users/David/Desktop/Radiometro/SDC_CLL/SDC_CLL.srcs/sources_1/imports/new/div_frecuencias.vh" included at line 3. (VERI-9003)
INFO: analyzing module process (VERI-9002)
C:/Users/David/Desktop/Radiometro/SDC_CLL/SDC_CLL.srcs/sources_1/imports/Radiometro/UART/UART.srcs/sources_1/new/process.sv(134): INFO: undeclared symbol clk_tm, assumed default net type wire (VERI-9004)
C:/Users/David/Desktop/Radiometro/SDC_CLL/SDC_CLL.srcs/sources_1/imports/Radiometro/UART/UART.srcs/sources_1/new/process.sv(145): WARNING: clk_tm is already implicitly declared on line 134 (VERI-1362)
C:/Users/David/Desktop/Radiometro/SDC_CLL/SDC_CLL.srcs/sources_1/imports/Radiometro/UART/UART.srcs/sources_1/new/process.sv(28): WARNING: identifier N is used before its declaration (VERI-1875)
C:/Users/David/Desktop/Radiometro/SDC_CLL/SDC_CLL.srcs/sources_1/imports/Radiometro/UART/UART.srcs/sources_1/new/process.sv(91): WARNING: identifier uk_pid is used before its declaration (VERI-1875)
INFO: Analyzing Verilog file "C:/Users/David/Desktop/Radiometro/SDC_CLL/SDC_CLL.srcs/sources_1/new/probe_sync_sin.v" into library work (VERI-1482)
INFO: analyzing module probe_sync_sin (VERI-9002)
C:/Users/David/Desktop/Radiometro/SDC_CLL/SDC_CLL.srcs/sources_1/new/probe_sync_sin.v(22): WARNING: data object out_1 is already declared (VERI-2170)
C:/Users/David/Desktop/Radiometro/SDC_CLL/SDC_CLL.srcs/sources_1/new/probe_sync_sin.v(11): INFO: previous declaration of out_1 is from here (VERI-1967)
C:/Users/David/Desktop/Radiometro/SDC_CLL/SDC_CLL.srcs/sources_1/new/probe_sync_sin.v(22): WARNING: second declaration of out_1 ignored (VERI-1329)
C:/Users/David/Desktop/Radiometro/SDC_CLL/SDC_CLL.srcs/sources_1/new/probe_sync_sin.v(28): WARNING: identifier start is used before its declaration (VERI-1875)
INFO: Analyzing Verilog file "C:/Users/David/Desktop/Radiometro/SDC_CLL/SDC_CLL.srcs/sources_1/bd/SDC_2/hdl/SDC_2_wrapper.v" into library work (VERI-1482)
INFO: analyzing module SDC_2_wrapper (VERI-9002)
INFO: Analyzing Verilog file "C:/Users/David/Desktop/Radiometro/SDC_CLL/SDC_CLL.srcs/sources_1/new/filtro_media_v.v" into library work (VERI-1482)
INFO: analyzing module filtro_media_v (VERI-9002)
C:/Users/David/Desktop/Radiometro/SDC_CLL/SDC_CLL.srcs/sources_1/new/filtro_media_v.v(17): WARNING: identifier N is used before its declaration (VERI-1875)
INFO: Analyzing SystemVerilog file "C:/Users/David/Desktop/Radiometro/SDC_CLL/SDC_CLL.srcs/sources_1/new/division.sv" into library work (VERI-1482)
INFO: analyzing module division (VERI-9002)
C:/Users/David/Desktop/Radiometro/SDC_CLL/SDC_CLL.srcs/sources_1/new/division.sv(27): INFO: undeclared symbol start, assumed default net type wire (VERI-9004)
C:/Users/David/Desktop/Radiometro/SDC_CLL/SDC_CLL.srcs/sources_1/new/division.sv(29): WARNING: start is already implicitly declared on line 27 (VERI-1362)
C:/Users/David/Desktop/Radiometro/SDC_CLL/SDC_CLL.srcs/sources_1/new/division.sv(11): WARNING: identifier N is used before its declaration (VERI-1875)
C:/Users/David/Desktop/Radiometro/SDC_CLL/SDC_CLL.srcs/sources_1/new/division.sv(12): WARNING: identifier N is used before its declaration (VERI-1875)
C:/Users/David/Desktop/Radiometro/SDC_CLL/SDC_CLL.srcs/sources_1/new/division.sv(16): WARNING: identifier N is used before its declaration (VERI-1875)
INFO: Analyzing SystemVerilog file "C:/Users/David/Desktop/Radiometro/SDC_CLL/SDC_CLL.srcs/sources_1/new/filtro_media.sv" into library work (VERI-1482)
INFO: analyzing module filtro_media (VERI-9002)
INFO: Analyzing Verilog file "C:/Users/David/Desktop/Radiometro/SDC_CLL/SDC_CLL.srcs/sources_1/imports/Radiometro/UART/UART.srcs/sources_1/imports/Mods/Constante.v" into library work (VERI-1482)
INFO: analyzing module constante (VERI-9002)
INFO: Analyzing Verilog file "C:/Users/David/Desktop/Radiometro/SDC_CLL/SDC_CLL.srcs/sources_1/new/create_var.v" into library work (VERI-1482)
INFO: analyzing module create_var (VERI-9002)
INFO: Analyzing Verilog file "C:/Users/David/Desktop/Radiometro/SDC_CLL/SDC_CLL.srcs/sources_1/new/sim_bit2temp.v" into library work (VERI-1482)
INFO: analyzing module sim_bit2temp (VERI-9002)
INFO: Analyzing Verilog file "C:/Users/David/AppData/Local/Temp/VivadoEditorAssist2679408566228865930.tmp" into library work (VERI-1482)
INFO: Analyzing Verilog file "C:/Users/David/AppData/Local/Temp/VivadoEditorAssist875165080103991590.tmp" into library work (VERI-1482)
C:/Users/David/AppData/Local/Temp/VivadoEditorAssist875165080103991590.tmp(3): INFO: Compiling verilog file "C:/Users/David/Desktop/Radiometro/SDC_CLL/SDC_CLL.srcs/sources_1/imports/new/baudrate_list.vh" included at line 3. (VERI-9003)
C:/Users/David/AppData/Local/Temp/VivadoEditorAssist875165080103991590.tmp(4): INFO: Compiling verilog file "C:/Users/David/Desktop/Radiometro/SDC_CLL/SDC_CLL.srcs/sources_1/imports/new/div_frecuencias.vh" included at line 4. (VERI-9003)
INFO: analyzing module package (VERI-9002)
INFO: Analyzing SystemVerilog file "C:/Users/David/AppData/Local/Temp/VivadoEditorAssist1342888075943753127.tmp" into library work (VERI-1482)
C:/Users/David/AppData/Local/Temp/VivadoEditorAssist1342888075943753127.tmp(5): INFO: Compiling verilog file "C:/Users/David/Desktop/Radiometro/SDC_CLL/SDC_CLL.srcs/sources_1/imports/new/baudrate_list.vh" included at line 5. (VERI-9003)
C:/Users/David/AppData/Local/Temp/VivadoEditorAssist1342888075943753127.tmp(6): INFO: Compiling verilog file "C:/Users/David/Desktop/Radiometro/SDC_CLL/SDC_CLL.srcs/sources_1/imports/new/div_frecuencias.vh" included at line 6. (VERI-9003)
INFO: analyzing module pack (VERI-9002)
C:/Users/David/AppData/Local/Temp/VivadoEditorAssist1342888075943753127.tmp(93): WARNING: identifier data_rcv is used before its declaration (VERI-1875)
C:/Users/David/AppData/Local/Temp/VivadoEditorAssist1342888075943753127.tmp(98): WARNING: identifier data_in is used before its declaration (VERI-1875)
C:/Users/David/AppData/Local/Temp/VivadoEditorAssist1342888075943753127.tmp(100): WARNING: identifier data_in is used before its declaration (VERI-1875)
C:/Users/David/AppData/Local/Temp/VivadoEditorAssist1342888075943753127.tmp(102): WARNING: identifier data_in is used before its declaration (VERI-1875)
C:/Users/David/AppData/Local/Temp/VivadoEditorAssist1342888075943753127.tmp(104): WARNING: identifier data_in is used before its declaration (VERI-1875)
C:/Users/David/AppData/Local/Temp/VivadoEditorAssist1342888075943753127.tmp(106): WARNING: identifier data_in is used before its declaration (VERI-1875)
C:/Users/David/AppData/Local/Temp/VivadoEditorAssist1342888075943753127.tmp(113): WARNING: identifier data_in is used before its declaration (VERI-1875)
C:/Users/David/AppData/Local/Temp/VivadoEditorAssist1342888075943753127.tmp(118): WARNING: identifier data_in is used before its declaration (VERI-1875)
C:/Users/David/AppData/Local/Temp/VivadoEditorAssist1342888075943753127.tmp(123): WARNING: identifier data_in is used before its declaration (VERI-1875)
C:/Users/David/AppData/Local/Temp/VivadoEditorAssist1342888075943753127.tmp(128): WARNING: identifier data_in is used before its declaration (VERI-1875)
C:/Users/David/AppData/Local/Temp/VivadoEditorAssist1342888075943753127.tmp(133): WARNING: identifier data_in is used before its declaration (VERI-1875)
C:/Users/David/AppData/Local/Temp/VivadoEditorAssist1342888075943753127.tmp(138): WARNING: identifier data_in is used before its declaration (VERI-1875)
C:/Users/David/AppData/Local/Temp/VivadoEditorAssist1342888075943753127.tmp(143): WARNING: identifier data_in is used before its declaration (VERI-1875)
C:/Users/David/AppData/Local/Temp/VivadoEditorAssist1342888075943753127.tmp(148): WARNING: identifier data_in is used before its declaration (VERI-1875)
C:/Users/David/AppData/Local/Temp/VivadoEditorAssist1342888075943753127.tmp(153): WARNING: identifier data_in is used before its declaration (VERI-1875)
C:/Users/David/AppData/Local/Temp/VivadoEditorAssist1342888075943753127.tmp(167): WARNING: identifier send is used before its declaration (VERI-1875)
C:/Users/David/AppData/Local/Temp/VivadoEditorAssist1342888075943753127.tmp(172): WARNING: identifier data_out is used before its declaration (VERI-1875)
C:/Users/David/AppData/Local/Temp/VivadoEditorAssist1342888075943753127.tmp(176): WARNING: identifier data_out is used before its declaration (VERI-1875)
C:/Users/David/AppData/Local/Temp/VivadoEditorAssist1342888075943753127.tmp(184): WARNING: identifier data_out is used before its declaration (VERI-1875)
C:/Users/David/AppData/Local/Temp/VivadoEditorAssist1342888075943753127.tmp(188): WARNING: identifier data_out is used before its declaration (VERI-1875)
C:/Users/David/AppData/Local/Temp/VivadoEditorAssist1342888075943753127.tmp(193): WARNING: identifier data_out is used before its declaration (VERI-1875)
C:/Users/David/AppData/Local/Temp/VivadoEditorAssist1342888075943753127.tmp(197): WARNING: identifier data_out is used before its declaration (VERI-1875)
C:/Users/David/AppData/Local/Temp/VivadoEditorAssist1342888075943753127.tmp(205): WARNING: identifier data_out is used before its declaration (VERI-1875)
C:/Users/David/AppData/Local/Temp/VivadoEditorAssist1342888075943753127.tmp(209): WARNING: identifier data_out is used before its declaration (VERI-1875)
C:/Users/David/AppData/Local/Temp/VivadoEditorAssist1342888075943753127.tmp(214): WARNING: identifier data_out is used before its declaration (VERI-1875)
C:/Users/David/AppData/Local/Temp/VivadoEditorAssist1342888075943753127.tmp(218): WARNING: identifier data_out is used before its declaration (VERI-1875)
C:/Users/David/AppData/Local/Temp/VivadoEditorAssist1342888075943753127.tmp(226): WARNING: identifier data_out is used before its declaration (VERI-1875)
C:/Users/David/AppData/Local/Temp/VivadoEditorAssist1342888075943753127.tmp(230): WARNING: identifier data_out is used before its declaration (VERI-1875)
C:/Users/David/AppData/Local/Temp/VivadoEditorAssist1342888075943753127.tmp(235): WARNING: identifier data_out is used before its declaration (VERI-1875)
C:/Users/David/AppData/Local/Temp/VivadoEditorAssist1342888075943753127.tmp(239): WARNING: identifier data_out is used before its declaration (VERI-1875)
C:/Users/David/AppData/Local/Temp/VivadoEditorAssist1342888075943753127.tmp(247): WARNING: identifier data_out is used before its declaration (VERI-1875)
C:/Users/David/AppData/Local/Temp/VivadoEditorAssist1342888075943753127.tmp(251): WARNING: identifier data_out is used before its declaration (VERI-1875)
